#
# A fatal error has been detected by the Java Runtime Environment:
#
#  Internal Error (javaClasses.cpp:129), pid=4128, tid=2072
#  fatal error: Invalid layout of preloaded class
#
# JRE version: 7.0_07-b11
# Java VM: Java HotSpot(TM) 64-Bit Server VM (23.3-b01 mixed mode windows-amd64 compressed oops)
# Failed to write core dump. Minidumps are not enabled by default on client versions of Windows
#
# If you would like to submit a bug report, please visit:
#   http://bugreport.sun.com/bugreport/crash.jsp
#

---------------  T H R E A D  ---------------

Current thread (0x00000000026ac800):  JavaThread "Unknown thread" [_thread_in_vm, id=2072, stack(0x0000000002770000,0x0000000002870000)]

Stack: [0x0000000002770000,0x0000000002870000]

---------------  P R O C E S S  ---------------

Java Threads: ( => current thread )

Other Threads:

=>0x00000000026ac800 (exited) JavaThread "Unknown thread" [_thread_in_vm, id=2072, stack(0x0000000002770000,0x0000000002870000)]

VM state:not at safepoint (not fully initialized)

VM Mutex/Monitor currently owned by a thread: None

GC Heap History (0 events):
No events

Deoptimization events (0 events):
No events

Internal exceptions (0 events):
No events

Events (10 events):
Event: 0.009 loading class 0x00000000025d00c0 done
Event: 0.009 loading class 0x0000000002592500 done
Event: 0.009 loading class 0x00000000025924d0
Event: 0.009 loading class 0x00000000025d9da0
Event: 0.010 loading class 0x00000000025d9da0 done
Event: 0.010 loading class 0x00000000025d9de0
Event: 0.010 loading class 0x00000000025d9de0 done
Event: 0.010 loading class 0x0000000008d7c910
Event: 0.010 loading class 0x0000000008d7c910 done
Event: 0.010 loading class 0x00000000025924d0 done


Dynamic libraries:
0x000000013f060000 - 0x000000013f094000 	C:\Program Files\Java\jdk1.7.0_07\bin\javaw.exe
0x00000000774e0000 - 0x0000000077689000 	C:\Windows\SYSTEM32\ntdll.dll
0x0000000077120000 - 0x000000007723f000 	C:\Windows\system32\kernel32.dll
0x000007fefd900000 - 0x000007fefd96b000 	C:\Windows\system32\KERNELBASE.dll
0x000007fefe100000 - 0x000007fefe1db000 	C:\Windows\system32\ADVAPI32.dll
0x000007fefe6c0000 - 0x000007fefe75f000 	C:\Windows\system32\msvcrt.dll
0x000007fefe3f0000 - 0x000007fefe40f000 	C:\Windows\SYSTEM32\sechost.dll
0x000007fefdb80000 - 0x000007fefdcad000 	C:\Windows\system32\RPCRT4.dll
0x0000000076ed0000 - 0x0000000076fca000 	C:\Windows\system32\USER32.dll
0x000007fefdf10000 - 0x000007fefdf77000 	C:\Windows\system32\GDI32.dll
0x000007fefe760000 - 0x000007fefe76e000 	C:\Windows\system32\LPK.dll
0x000007fefe410000 - 0x000007fefe4d9000 	C:\Windows\system32\USP10.dll
0x000007fefc920000 - 0x000007fefcb14000 	C:\Windows\WinSxS\amd64_microsoft.windows.common-controls_6595b64144ccf1df_6.0.7601.17514_none_fa396087175ac9ac\COMCTL32.dll
0x000007fefe880000 - 0x000007fefe8f1000 	C:\Windows\system32\SHLWAPI.dll
0x000007feff7c0000 - 0x000007feff7ee000 	C:\Windows\system32\IMM32.DLL
0x000007fefe770000 - 0x000007fefe879000 	C:\Windows\system32\MSCTF.dll
0x0000000053210000 - 0x00000000532e1000 	C:\Program Files\Java\jdk1.7.0_07\jre\bin\msvcr100.dll
0x0000000052a90000 - 0x00000000531af000 	C:\Program Files\Java\jdk1.7.0_07\jre\bin\server\jvm.dll
0x000007fefaef0000 - 0x000007fefaef9000 	C:\Windows\system32\WSOCK32.dll
0x000007fefdec0000 - 0x000007fefdf0d000 	C:\Windows\system32\WS2_32.dll
0x000007fefe340000 - 0x000007fefe348000 	C:\Windows\system32\NSI.dll
0x000007fefdae0000 - 0x000007fefdb1b000 	C:\Windows\system32\WINMM.dll
0x00000000776a0000 - 0x00000000776a7000 	C:\Windows\system32\PSAPI.DLL
0x000000006e150000 - 0x000000006e15f000 	C:\Program Files\Java\jdk1.7.0_07\jre\bin\verify.dll
0x0000000065c00000 - 0x0000000065c28000 	C:\Program Files\Java\jdk1.7.0_07\jre\bin\java.dll
0x000000006b570000 - 0x000000006b585000 	C:\Program Files\Java\jdk1.7.0_07\jre\bin\zip.dll

VM Arguments:
jvm_args: -Dfile.encoding=GBK -Xbootclasspath:C:\Users\Steve\AppData\Local\Android\android-sdk\platforms\android-16\android.jar 
java_command: FindPrimes
Launcher Type: SUN_STANDARD

Environment Variables:
JAVA_HOME=C:\Program Files\Java\jdk1.7.0_07
CLASSPATH=.;C:\Program Files\Java\jdk1.7.0_07\lib;C:\Program Files\Java\jdk1.7.0_07\lib\dt.jar;\JAVA_HOME\lib\tools.jar
PATH=C:/Program Files/Java/jdk1.7.0_07/bin/../jre/bin/server;C:/Program Files/Java/jdk1.7.0_07/bin/../jre/bin;C:/Program Files/Java/jdk1.7.0_07/bin/../jre/lib/amd64;C:\Program Files\Java\jdk1.7.0_07\bin;C:\Program Files\Java\jdk1.7.0_07\jre\bin;C:\Program Files\Common Files\Microsoft Shared\Windows Live;C:\Program Files (x86)\Common Files\Microsoft Shared\Windows Live;C:\Perl64\site\bin;C:\Perl64\bin;C:\ARM\ADSv1_2\bin;C:\Program Files (x86)\PC Connectivity Solution\;C:\Windows\system32;C:\Windows;C:\Windows\System32\Wbem;C:\Windows\System32\WindowsPowerShell\v1.0\;C:\SWTOOLS\ReadyApps;C:\Program Files (x86)\Intel\Services\IPT\;C:\Program Files (x86)\Rational\ClearCase\bin;C:\Program Files (x86)\Rational\common;C:\Program Files (x86)\Windows Live\Shared;C:\Program Files (x86)\StormII\Codec;C:\Program Files (x86)\StormII;D:\tools\eclipse-standard-kepler-R-win32-x86_64\eclipse;
USERNAME=Steve
OS=Windows_NT
PROCESSOR_IDENTIFIER=Intel64 Family 6 Model 42 Stepping 7, GenuineIntel



---------------  S Y S T E M  ---------------

OS: Windows 7 , 64 bit Build 7601 Service Pack 1

CPU:total 4 (2 cores per cpu, 2 threads per core) family 6 model 42 stepping 7, cmov, cx8, fxsr, mmx, sse, sse2, sse3, ssse3, sse4.1, sse4.2, popcnt, avx, ht, tsc, tscinvbit

Memory: 4k page, physical 4074736k(1298844k free), swap 8147612k(3470032k free)

vm_info: Java HotSpot(TM) 64-Bit Server VM (23.3-b01) for windows-amd64 JRE (1.7.0_07-b11), built on Sep  7 2012 01:19:25 by "java_re" with unknown MS VC++:1600

time: Thu Feb 13 15:43:56 2014
elapsed time: 0 seconds

